# JRE version: OpenJDK Runtime Environment (17.0.6) (build 17.0.6+0-b2043.56-10027231)
# Java VM: OpenJDK 64-Bit Server VM (17.0.6+0-b2043.56-10027231, mixed mode, tiered, compressed oops, compressed class ptrs, g1 gc, windows-amd64)
GC Precious Log:
 CPUs: 8 total, 8 available
 Memory: 8063M
 Large Page Support: Disabled
 NUMA Support: Disabled
 Compressed Oops: Enabled (32-bit)
 Heap Region Size: 1M
 Heap Min Capacity: 8M
 Heap Initial Capacity: 126M
 Heap Max Capacity: 2G
 Pre-touch: Disabled
 Parallel Workers: 8
 Concurrent Workers: 2
 Concurrent Refinement Workers: 8
 Periodic GC: Disabled
Heap:
 garbage-first heap   total 324608K, used 154801K [0x0000000080000000, 0x0000000100000000)
  region size 1024K, 2 young (2048K), 2 survivors (2048K)
 Metaspace       used 126651K, committed 127488K, reserved 1163264K
  class space    used 17376K, committed 17792K, reserved 1048576K
GC Heap History (20 events):
Event: 20.016 GC heap after
{Heap after GC invocations=44 (full 0):
 garbage-first heap   total 303104K, used 133156K [0x0000000080000000, 0x0000000100000000)
  region size 1024K, 10 young (10240K), 10 survivors (10240K)
 Metaspace       used 108658K, committed 109376K, reserved 1146880K
  class space    used 14367K, committed 14720K, reserved 1048576K
}
Event: 21.466 GC heap before
{Heap before GC invocations=44 (full 0):
 garbage-first heap   total 303104K, used 237604K [0x0000000080000000, 0x0000000100000000)
  region size 1024K, 113 young (115712K), 10 survivors (10240K)
 Metaspace       used 109348K, committed 110080K, reserved 1146880K
  class space    used 14430K, committed 14784K, reserved 1048576K
}
Event: 21.477 GC heap after
{Heap after GC invocations=45 (full 0):
 garbage-first heap   total 303104K, used 136394K [0x0000000080000000, 0x0000000100000000)
  region size 1024K, 11 young (11264K), 11 survivors (11264K)
 Metaspace       used 109348K, committed 110080K, reserved 1146880K
  class space    used 14430K, committed 14784K, reserved 1048576K
}
Event: 21.743 GC heap before
{Heap before GC invocations=45 (full 0):
 garbage-first heap   total 303104K, used 240842K [0x0000000080000000, 0x0000000100000000)
  region size 1024K, 114 young (116736K), 11 survivors (11264K)
 Metaspace       used 109360K, committed 110144K, reserved 1146880K
  class space    used 14431K, committed 14784K, reserved 1048576K
}
Event: 21.749 GC heap after
{Heap after GC invocations=46 (full 0):
 garbage-first heap   total 303104K, used 137130K [0x0000000080000000, 0x0000000100000000)
  region size 1024K, 7 young (7168K), 7 survivors (7168K)
 Metaspace       used 109360K, committed 110144K, reserved 1146880K
  class space    used 14431K, committed 14784K, reserved 1048576K
}
Event: 22.120 GC heap before
{Heap before GC invocations=46 (full 0):
 garbage-first heap   total 303104K, used 244650K [0x0000000080000000, 0x0000000100000000)
  region size 1024K, 113 young (115712K), 7 survivors (7168K)
 Metaspace       used 109374K, committed 110144K, reserved 1146880K
  class space    used 14431K, committed 14784K, reserved 1048576K
}
Event: 22.124 GC heap after
{Heap after GC invocations=47 (full 0):
 garbage-first heap   total 303104K, used 137044K [0x0000000080000000, 0x0000000100000000)
  region size 1024K, 7 young (7168K), 7 survivors (7168K)
 Metaspace       used 109374K, committed 110144K, reserved 1146880K
  class space    used 14431K, committed 14784K, reserved 1048576K
}
Event: 23.100 GC heap before
{Heap before GC invocations=47 (full 0):
 garbage-first heap   total 303104K, used 248660K [0x0000000080000000, 0x0000000100000000)
  region size 1024K, 117 young (119808K), 7 survivors (7168K)
 Metaspace       used 109534K, committed 110272K, reserved 1146880K
  class space    used 14447K, committed 14784K, reserved 1048576K
}
Event: 23.106 GC heap after
{Heap after GC invocations=48 (full 0):
 garbage-first heap   total 303104K, used 138166K [0x0000000080000000, 0x0000000100000000)
  region size 1024K, 8 young (8192K), 8 survivors (8192K)
 Metaspace       used 109534K, committed 110272K, reserved 1146880K
  class space    used 14447K, committed 14784K, reserved 1048576K
}
Event: 23.845 GC heap before
{Heap before GC invocations=48 (full 0):
 garbage-first heap   total 303104K, used 198582K [0x0000000080000000, 0x0000000100000000)
  region size 1024K, 69 young (70656K), 8 survivors (8192K)
 Metaspace       used 114766K, committed 115520K, reserved 1155072K
  class space    used 15251K, committed 15616K, reserved 1048576K
}
Event: 23.862 GC heap after
{Heap after GC invocations=49 (full 0):
 garbage-first heap   total 303104K, used 148740K [0x0000000080000000, 0x0000000100000000)
  region size 1024K, 15 young (15360K), 15 survivors (15360K)
 Metaspace       used 114766K, committed 115520K, reserved 1155072K
  class space    used 15251K, committed 15616K, reserved 1048576K
}
Event: 24.384 GC heap before
{Heap before GC invocations=50 (full 0):
 garbage-first heap   total 303104K, used 238852K [0x0000000080000000, 0x0000000100000000)
  region size 1024K, 109 young (111616K), 15 survivors (15360K)
 Metaspace       used 120066K, committed 120896K, reserved 1155072K
  class space    used 16257K, committed 16640K, reserved 1048576K
}
Event: 24.405 GC heap after
{Heap after GC invocations=51 (full 0):
 garbage-first heap   total 303104K, used 156480K [0x0000000080000000, 0x0000000100000000)
  region size 1024K, 14 young (14336K), 14 survivors (14336K)
 Metaspace       used 120066K, committed 120896K, reserved 1155072K
  class space    used 16257K, committed 16640K, reserved 1048576K
}
Event: 24.408 GC heap before
{Heap before GC invocations=51 (full 0):
 garbage-first heap   total 303104K, used 157504K [0x0000000080000000, 0x0000000100000000)
  region size 1024K, 15 young (15360K), 14 survivors (14336K)
 Metaspace       used 120145K, committed 120960K, reserved 1155072K
  class space    used 16263K, committed 16640K, reserved 1048576K
}
Event: 24.420 GC heap after
{Heap after GC invocations=52 (full 0):
 garbage-first heap   total 303104K, used 151284K [0x0000000080000000, 0x0000000100000000)
  region size 1024K, 2 young (2048K), 2 survivors (2048K)
 Metaspace       used 120145K, committed 120960K, reserved 1155072K
  class space    used 16263K, committed 16640K, reserved 1048576K
}
Event: 24.873 GC heap before
{Heap before GC invocations=52 (full 0):
 garbage-first heap   total 303104K, used 241396K [0x0000000080000000, 0x0000000100000000)
  region size 1024K, 91 young (93184K), 2 survivors (2048K)
 Metaspace       used 125648K, committed 126528K, reserved 1163264K
  class space    used 17217K, committed 17664K, reserved 1048576K
}
Event: 24.887 GC heap after
{Heap after GC invocations=53 (full 0):
 garbage-first heap   total 303104K, used 154294K [0x0000000080000000, 0x0000000100000000)
  region size 1024K, 5 young (5120K), 5 survivors (5120K)
 Metaspace       used 125648K, committed 126528K, reserved 1163264K
  class space    used 17217K, committed 17664K, reserved 1048576K
}
Event: 25.427 GC heap before
{Heap before GC invocations=54 (full 0):
 garbage-first heap   total 324608K, used 245430K [0x0000000080000000, 0x0000000100000000)
  region size 1024K, 94 young (96256K), 5 survivors (5120K)
 Metaspace       used 126619K, committed 127488K, reserved 1163264K
  class space    used 17373K, committed 17792K, reserved 1048576K
}
Event: 25.438 GC heap after
{Heap after GC invocations=55 (full 0):
 garbage-first heap   total 324608K, used 158106K [0x0000000080000000, 0x0000000100000000)
  region size 1024K, 9 young (9216K), 9 survivors (9216K)
 Metaspace       used 126619K, committed 127488K, reserved 1163264K
  class space    used 17373K, committed 17792K, reserved 1048576K
}
Event: 25.456 GC heap before
{Heap before GC invocations=55 (full 0):
 garbage-first heap   total 324608K, used 164250K [0x0000000080000000, 0x0000000100000000)
  region size 1024K, 15 young (15360K), 9 survivors (9216K)
 Metaspace       used 126651K, committed 127488K, reserved 1163264K
  class space    used 17376K, committed 17792K, reserved 1048576K
}

